INFO:     Started server process [101593]
INFO:     Waiting for application startup.
INFO:     Application startup complete.
INFO:     Uvicorn running on http://0.0.0.0:8000 (Press CTRL+C to quit)
INFO:     127.0.0.1:45492 - "GET /health HTTP/1.1" 200 OK
INFO:accelerate.utils.modeling:We will use 90% of the memory on device 0 for storing the model, and 10% for the buffer to avoid OOM. You can set `max_memory` in to a higher value to use more memory (at your own risk).
Loading checkpoint shards:   0%|          | 0/3 [00:00<?, ?it/s]Loading checkpoint shards:  33%|███▎      | 1/3 [00:03<00:07,  3.90s/it]Loading checkpoint shards:  67%|██████▋   | 2/3 [00:08<00:04,  4.02s/it]Loading checkpoint shards: 100%|██████████| 3/3 [00:11<00:00,  3.76s/it]Loading checkpoint shards: 100%|██████████| 3/3 [00:11<00:00,  3.82s/it]
Setting `pad_token_id` to `eos_token_id`:2 for open-end generation.
INFO:     127.0.0.1:40162 - "POST /v1/chat/completions HTTP/1.1" 200 OK
Setting `pad_token_id` to `eos_token_id`:2 for open-end generation.
INFO:     127.0.0.1:52094 - "POST /v1/chat/completions HTTP/1.1" 200 OK
INFO:     127.0.0.1:33186 - "POST /v1/chat/completions HTTP/1.1" 500 Internal Server Error
ERROR:    Exception in ASGI application
Traceback (most recent call last):
  File "/root/.cache/pypoetry/virtualenvs/gpu-scripts-0KjOeIt0-py3.11/lib/python3.11/site-packages/huggingface_hub/utils/_http.py", line 402, in hf_raise_for_status
    response.raise_for_status()
  File "/root/.cache/pypoetry/virtualenvs/gpu-scripts-0KjOeIt0-py3.11/lib/python3.11/site-packages/requests/models.py", line 1026, in raise_for_status
    raise HTTPError(http_error_msg, response=self)
requests.exceptions.HTTPError: 401 Client Error: Unauthorized for url: https://huggingface.co/meta-llama/Llama-3.1-8B-Instruct/resolve/main/config.json

The above exception was the direct cause of the following exception:

Traceback (most recent call last):
  File "/root/.cache/pypoetry/virtualenvs/gpu-scripts-0KjOeIt0-py3.11/lib/python3.11/site-packages/transformers/utils/hub.py", line 479, in cached_files
    hf_hub_download(
  File "/root/.cache/pypoetry/virtualenvs/gpu-scripts-0KjOeIt0-py3.11/lib/python3.11/site-packages/huggingface_hub/utils/_validators.py", line 114, in _inner_fn
    return fn(*args, **kwargs)
           ^^^^^^^^^^^^^^^^^^^
  File "/root/.cache/pypoetry/virtualenvs/gpu-scripts-0KjOeIt0-py3.11/lib/python3.11/site-packages/huggingface_hub/file_download.py", line 1007, in hf_hub_download
    return _hf_hub_download_to_cache_dir(
           ^^^^^^^^^^^^^^^^^^^^^^^^^^^^^^
  File "/root/.cache/pypoetry/virtualenvs/gpu-scripts-0KjOeIt0-py3.11/lib/python3.11/site-packages/huggingface_hub/file_download.py", line 1114, in _hf_hub_download_to_cache_dir
    _raise_on_head_call_error(head_call_error, force_download, local_files_only)
  File "/root/.cache/pypoetry/virtualenvs/gpu-scripts-0KjOeIt0-py3.11/lib/python3.11/site-packages/huggingface_hub/file_download.py", line 1655, in _raise_on_head_call_error
    raise head_call_error
  File "/root/.cache/pypoetry/virtualenvs/gpu-scripts-0KjOeIt0-py3.11/lib/python3.11/site-packages/huggingface_hub/file_download.py", line 1543, in _get_metadata_or_catch_error
    metadata = get_hf_file_metadata(
               ^^^^^^^^^^^^^^^^^^^^^
  File "/root/.cache/pypoetry/virtualenvs/gpu-scripts-0KjOeIt0-py3.11/lib/python3.11/site-packages/huggingface_hub/utils/_validators.py", line 114, in _inner_fn
    return fn(*args, **kwargs)
           ^^^^^^^^^^^^^^^^^^^
  File "/root/.cache/pypoetry/virtualenvs/gpu-scripts-0KjOeIt0-py3.11/lib/python3.11/site-packages/huggingface_hub/file_download.py", line 1460, in get_hf_file_metadata
    r = _request_wrapper(
        ^^^^^^^^^^^^^^^^^
  File "/root/.cache/pypoetry/virtualenvs/gpu-scripts-0KjOeIt0-py3.11/lib/python3.11/site-packages/huggingface_hub/file_download.py", line 283, in _request_wrapper
    response = _request_wrapper(
               ^^^^^^^^^^^^^^^^^
  File "/root/.cache/pypoetry/virtualenvs/gpu-scripts-0KjOeIt0-py3.11/lib/python3.11/site-packages/huggingface_hub/file_download.py", line 307, in _request_wrapper
    hf_raise_for_status(response)
  File "/root/.cache/pypoetry/virtualenvs/gpu-scripts-0KjOeIt0-py3.11/lib/python3.11/site-packages/huggingface_hub/utils/_http.py", line 419, in hf_raise_for_status
    raise _format(GatedRepoError, message, response) from e
huggingface_hub.errors.GatedRepoError: 401 Client Error. (Request ID: Root=1-69669b4b-7c11026474dca3546b4da56f;a5d9987d-910b-4e03-a692-cfecb3b33822)

Cannot access gated repo for url https://huggingface.co/meta-llama/Llama-3.1-8B-Instruct/resolve/main/config.json.
Access to model meta-llama/Llama-3.1-8B-Instruct is restricted. You must have access to it and be authenticated to access it. Please log in.

The above exception was the direct cause of the following exception:

Traceback (most recent call last):
  File "/root/.cache/pypoetry/virtualenvs/gpu-scripts-0KjOeIt0-py3.11/lib/python3.11/site-packages/uvicorn/protocols/http/httptools_impl.py", line 416, in run_asgi
    result = await app(  # type: ignore[func-returns-value]
             ^^^^^^^^^^^^^^^^^^^^^^^^^^^^^^^^^^^^^^^^^^^^^^
  File "/root/.cache/pypoetry/virtualenvs/gpu-scripts-0KjOeIt0-py3.11/lib/python3.11/site-packages/uvicorn/middleware/proxy_headers.py", line 60, in __call__
    return await self.app(scope, receive, send)
           ^^^^^^^^^^^^^^^^^^^^^^^^^^^^^^^^^^^^
  File "/root/.cache/pypoetry/virtualenvs/gpu-scripts-0KjOeIt0-py3.11/lib/python3.11/site-packages/fastapi/applications.py", line 1135, in __call__
    await super().__call__(scope, receive, send)
  File "/root/.cache/pypoetry/virtualenvs/gpu-scripts-0KjOeIt0-py3.11/lib/python3.11/site-packages/starlette/applications.py", line 107, in __call__
    await self.middleware_stack(scope, receive, send)
  File "/root/.cache/pypoetry/virtualenvs/gpu-scripts-0KjOeIt0-py3.11/lib/python3.11/site-packages/starlette/middleware/errors.py", line 186, in __call__
    raise exc
  File "/root/.cache/pypoetry/virtualenvs/gpu-scripts-0KjOeIt0-py3.11/lib/python3.11/site-packages/starlette/middleware/errors.py", line 164, in __call__
    await self.app(scope, receive, _send)
  File "/root/.cache/pypoetry/virtualenvs/gpu-scripts-0KjOeIt0-py3.11/lib/python3.11/site-packages/starlette/middleware/exceptions.py", line 63, in __call__
    await wrap_app_handling_exceptions(self.app, conn)(scope, receive, send)
  File "/root/.cache/pypoetry/virtualenvs/gpu-scripts-0KjOeIt0-py3.11/lib/python3.11/site-packages/starlette/_exception_handler.py", line 53, in wrapped_app
    raise exc
  File "/root/.cache/pypoetry/virtualenvs/gpu-scripts-0KjOeIt0-py3.11/lib/python3.11/site-packages/starlette/_exception_handler.py", line 42, in wrapped_app
    await app(scope, receive, sender)
  File "/root/.cache/pypoetry/virtualenvs/gpu-scripts-0KjOeIt0-py3.11/lib/python3.11/site-packages/fastapi/middleware/asyncexitstack.py", line 18, in __call__
    await self.app(scope, receive, send)
  File "/root/.cache/pypoetry/virtualenvs/gpu-scripts-0KjOeIt0-py3.11/lib/python3.11/site-packages/starlette/routing.py", line 716, in __call__
    await self.middleware_stack(scope, receive, send)
  File "/root/.cache/pypoetry/virtualenvs/gpu-scripts-0KjOeIt0-py3.11/lib/python3.11/site-packages/starlette/routing.py", line 736, in app
    await route.handle(scope, receive, send)
  File "/root/.cache/pypoetry/virtualenvs/gpu-scripts-0KjOeIt0-py3.11/lib/python3.11/site-packages/starlette/routing.py", line 290, in handle
    await self.app(scope, receive, send)
  File "/root/.cache/pypoetry/virtualenvs/gpu-scripts-0KjOeIt0-py3.11/lib/python3.11/site-packages/fastapi/routing.py", line 115, in app
    await wrap_app_handling_exceptions(app, request)(scope, receive, send)
  File "/root/.cache/pypoetry/virtualenvs/gpu-scripts-0KjOeIt0-py3.11/lib/python3.11/site-packages/starlette/_exception_handler.py", line 53, in wrapped_app
    raise exc
  File "/root/.cache/pypoetry/virtualenvs/gpu-scripts-0KjOeIt0-py3.11/lib/python3.11/site-packages/starlette/_exception_handler.py", line 42, in wrapped_app
    await app(scope, receive, sender)
  File "/root/.cache/pypoetry/virtualenvs/gpu-scripts-0KjOeIt0-py3.11/lib/python3.11/site-packages/fastapi/routing.py", line 101, in app
    response = await f(request)
               ^^^^^^^^^^^^^^^^
  File "/root/.cache/pypoetry/virtualenvs/gpu-scripts-0KjOeIt0-py3.11/lib/python3.11/site-packages/fastapi/routing.py", line 355, in app
    raw_response = await run_endpoint_function(
                   ^^^^^^^^^^^^^^^^^^^^^^^^^^^^
  File "/root/.cache/pypoetry/virtualenvs/gpu-scripts-0KjOeIt0-py3.11/lib/python3.11/site-packages/fastapi/routing.py", line 243, in run_endpoint_function
    return await dependant.call(**values)
           ^^^^^^^^^^^^^^^^^^^^^^^^^^^^^^
  File "/root/gpu-scripts/torch_fastapi.py", line 257, in chat_endpoint
    load_llm(target_mode)
  File "/root/gpu-scripts/torch_fastapi.py", line 121, in load_llm
    config = AutoConfig.from_pretrained(model_id, token=HF_TOKEN, trust_remote_code=True)
             ^^^^^^^^^^^^^^^^^^^^^^^^^^^^^^^^^^^^^^^^^^^^^^^^^^^^^^^^^^^^^^^^^^^^^^^^^^^^
  File "/root/.cache/pypoetry/virtualenvs/gpu-scripts-0KjOeIt0-py3.11/lib/python3.11/site-packages/transformers/models/auto/configuration_auto.py", line 1332, in from_pretrained
    config_dict, unused_kwargs = PretrainedConfig.get_config_dict(pretrained_model_name_or_path, **kwargs)
                                 ^^^^^^^^^^^^^^^^^^^^^^^^^^^^^^^^^^^^^^^^^^^^^^^^^^^^^^^^^^^^^^^^^^^^^^^^^
  File "/root/.cache/pypoetry/virtualenvs/gpu-scripts-0KjOeIt0-py3.11/lib/python3.11/site-packages/transformers/configuration_utils.py", line 662, in get_config_dict
    config_dict, kwargs = cls._get_config_dict(pretrained_model_name_or_path, **kwargs)
                          ^^^^^^^^^^^^^^^^^^^^^^^^^^^^^^^^^^^^^^^^^^^^^^^^^^^^^^^^^^^^^
  File "/root/.cache/pypoetry/virtualenvs/gpu-scripts-0KjOeIt0-py3.11/lib/python3.11/site-packages/transformers/configuration_utils.py", line 721, in _get_config_dict
    resolved_config_file = cached_file(
                           ^^^^^^^^^^^^
  File "/root/.cache/pypoetry/virtualenvs/gpu-scripts-0KjOeIt0-py3.11/lib/python3.11/site-packages/transformers/utils/hub.py", line 322, in cached_file
    file = cached_files(path_or_repo_id=path_or_repo_id, filenames=[filename], **kwargs)
           ^^^^^^^^^^^^^^^^^^^^^^^^^^^^^^^^^^^^^^^^^^^^^^^^^^^^^^^^^^^^^^^^^^^^^^^^^^^^^
  File "/root/.cache/pypoetry/virtualenvs/gpu-scripts-0KjOeIt0-py3.11/lib/python3.11/site-packages/transformers/utils/hub.py", line 543, in cached_files
    raise OSError(
OSError: You are trying to access a gated repo.
Make sure to have access to it at https://huggingface.co/meta-llama/Llama-3.1-8B-Instruct.
401 Client Error. (Request ID: Root=1-69669b4b-7c11026474dca3546b4da56f;a5d9987d-910b-4e03-a692-cfecb3b33822)

Cannot access gated repo for url https://huggingface.co/meta-llama/Llama-3.1-8B-Instruct/resolve/main/config.json.
Access to model meta-llama/Llama-3.1-8B-Instruct is restricted. You must have access to it and be authenticated to access it. Please log in.
